
> dernek-nextjs@0.1.0 typecheck
> tsc --noEmit

src/__tests__/api/analytics.test.ts(2,10): error TS2305: Module '"@/lib/appwrite/api"' has no exported member 'databases'.
src/__tests__/api/analytics.test.ts(20,13): error TS6133: '_mockBeneficiaries' is declared but its value is never read.
src/__tests__/api/analytics.test.ts(21,13): error TS6133: '_mockDonations' is declared but its value is never read.
src/__tests__/api/analytics.test.ts(22,13): error TS6133: '_mockTasks' is declared but its value is never read.
src/__tests__/api/analytics.test.ts(224,13): error TS2367: This comparison appears to be unintentional because the types '"viewer"' and '"admin"' have no overlap.
src/__tests__/api/analytics.test.ts(224,37): error TS2367: This comparison appears to be unintentional because the types '"viewer"' and '"manager"' have no overlap.
src/__tests__/api/meetings.test.ts(2,10): error TS2305: Module '"@/lib/appwrite/api"' has no exported member 'databases'.
src/__tests__/api/partners.test.ts(2,10): error TS2305: Module '"@/lib/appwrite/api"' has no exported member 'databases'.
src/__tests__/api/settings.test.ts(114,31): error TS2339: Property 'upsert' does not exist on type '{ getAll: () => Promise<Record<string, Record<string, unknown>>>; getByCategory: (category: string) => Promise<Record<string, unknown>>; get: (category: string, key: string) => Promise<...>; getSetting: (category: string, key: string) => Promise<...>; updateSettings: (category: string, settings: Record<...>, updated...'.
src/__tests__/api/tasks.test.ts(57,9): error TS2322: Type '{ _id: string; title: string; status: string; }[]' is not assignable to type 'DefaultDocument[]'.
  Type '{ _id: string; title: string; status: string; }' is not assignable to type 'DefaultDocument'.
    Type '{ _id: string; title: string; status: string; }' is missing the following properties from type 'Document': $id, $sequence, $collectionId, $databaseId, and 3 more.
src/__tests__/api/tasks.test.ts(77,9): error TS2322: Type '{ _id: string; title: string; assigned_to: string; }[]' is not assignable to type 'DefaultDocument[]'.
  Type '{ _id: string; title: string; assigned_to: string; }' is not assignable to type 'DefaultDocument'.
    Type '{ _id: string; title: string; assigned_to: string; }' is missing the following properties from type 'Document': $id, $sequence, $collectionId, $databaseId, and 3 more.
src/__tests__/api/users.test.ts(2,10): error TS2305: Module '"@/lib/appwrite/api"' has no exported member 'databases'.
src/__tests__/hooks/useOnlineStatus.test.ts(20,15): error TS2540: Cannot assign to 'onLine' because it is a read-only property.
src/__tests__/hooks/useOnlineStatus.test.ts(27,15): error TS2540: Cannot assign to 'onLine' because it is a read-only property.
src/__tests__/hooks/useOnlineStatus.test.ts(33,15): error TS2540: Cannot assign to 'onLine' because it is a read-only property.
src/__tests__/hooks/useOnlineStatus.test.ts(43,15): error TS2540: Cannot assign to 'onLine' because it is a read-only property.
src/__tests__/hooks/useOnlineStatus.test.ts(49,15): error TS2540: Cannot assign to 'onLine' because it is a read-only property.
src/__tests__/lib/offline-sync.test.ts(111,34): error TS2345: Argument of type '{ type: "create"; collection: string; data: { name: string; }; }' is not assignable to parameter of type 'Omit<OfflineMutation, "id" | "timestamp">'.
  Property 'retryCount' is missing in type '{ type: "create"; collection: string; data: { name: string; }; }' but required in type 'Omit<OfflineMutation, "id" | "timestamp">'.
src/__tests__/validations/todo.test.ts(223,5): error TS2353: Object literal may only specify known properties, and '$id' does not exist in type '{ title: string; created_by: string; completed: boolean; priority: "low" | "normal" | "high" | "urgent"; is_read: boolean; description?: string | undefined; due_date?: string | undefined; completed_at?: string | undefined; tags?: string[] | undefined; }'.
src/__tests__/validations/todo.test.ts(238,5): error TS2353: Object literal may only specify known properties, and '$id' does not exist in type '{ title: string; created_by: string; completed: boolean; priority: "low" | "normal" | "high" | "urgent"; is_read: boolean; description?: string | undefined; due_date?: string | undefined; completed_at?: string | undefined; tags?: string[] | undefined; }'.
src/__tests__/validations/todo.test.ts(254,5): error TS2353: Object literal may only specify known properties, and '$id' does not exist in type '{ title: string; created_by: string; completed: boolean; priority: "low" | "normal" | "high" | "urgent"; is_read: boolean; description?: string | undefined; due_date?: string | undefined; completed_at?: string | undefined; tags?: string[] | undefined; }'.
src/app/api/auth/test-login/route.ts(60,26): error TS2367: This comparison appears to be unintentional because the types '"development"' and '"production"' have no overlap.
src/app/api/beneficiaries/route.ts(169,57): error TS2345: Argument of type '{ name: string; tc_no: string; phone: string; address: string; city: string; district: string; neighborhood: string; family_size: number; status: "TASLAK" | "AKTIF" | "PASIF" | "SILINDI"; email: string | undefined; ... 39 more ...; approved_at: unknown; }' is not assignable to parameter of type 'BeneficiaryCreateInput'.
  Types of property 'birth_date' are incompatible.
    Type 'unknown' is not assignable to type 'string | undefined'.
src/app/api/messages/[id]/route.ts(151,25): error TS2352: Conversion of type 'MessageDocument' to type '{ [key: string]: unknown; recipients?: string[] | undefined; message_type?: string | undefined; content?: string | undefined; subject?: string | undefined; }' may be a mistake because neither type sufficiently overlaps with the other. If this was intentional, convert the expression to 'unknown' first.
  Index signature for type 'string' is missing in type 'MessageDocument'.
src/app/api/partners/route.ts(106,7): error TS2322: Type 'string | undefined' is not assignable to type '"organization" | "individual" | "sponsor" | undefined'.
  Type 'string' is not assignable to type '"organization" | "individual" | "sponsor" | undefined'.
src/app/api/partners/route.ts(107,7): error TS2322: Type 'string | undefined' is not assignable to type '"pending" | "active" | "inactive" | undefined'.
  Type 'string' is not assignable to type '"pending" | "active" | "inactive" | undefined'.
src/app/api/partners/route.ts(108,7): error TS2322: Type 'string | undefined' is not assignable to type '"sponsor" | "donor" | "supplier" | "volunteer" | "service_provider" | undefined'.
  Type 'string' is not assignable to type '"sponsor" | "donor" | "supplier" | "volunteer" | "service_provider" | undefined'.
src/app/api/settings/theme-presets/default/route.ts(48,7): error TS2741: Property 'primary' is missing in type '{}' but required in type 'ThemeColors'.
src/app/api/settings/theme-presets/default/route.ts(49,7): error TS2322: Type 'unknown' is not assignable to type 'ThemeTypography | undefined'.
src/app/api/settings/theme-presets/default/route.ts(50,7): error TS2322: Type 'unknown' is not assignable to type 'ThemeLayout | undefined'.
src/app/api/settings/theme-presets/route.ts(37,11): error TS2322: Type '{ _id: string | undefined; name: string; description: string; colors: {}; typography: unknown; layout: unknown; isDefault: boolean; isCustom: boolean; }[]' is not assignable to type 'ThemePreset[]'.
  Type '{ _id: string | undefined; name: string; description: string; colors: {}; typography: unknown; layout: unknown; isDefault: boolean; isCustom: boolean; }' is not assignable to type 'ThemePreset'.
    Types of property 'colors' are incompatible.
      Property 'primary' is missing in type '{}' but required in type 'ThemeColors'.
src/app/api/settings/theme-presets/route.ts(37,57): error TS2345: Argument of type '(preset: { $id?: string; _id?: string; name: string; description: string; theme_config?: string | Record<string, unknown>; is_default?: boolean; is_custom?: boolean; }) => { ...; }' is not assignable to parameter of type '(value: DefaultDocument, index: number, array: DefaultDocument[]) => { _id: string | undefined; name: string; description: string; colors: {}; typography: unknown; layout: unknown; isDefault: boolean; isCustom: boolean; }'.
  Types of parameters 'preset' and 'value' are incompatible.
    Type 'DefaultDocument' is missing the following properties from type '{ $id?: string | undefined; _id?: string | undefined; name: string; description: string; theme_config?: string | Record<string, unknown> | undefined; is_default?: boolean | undefined; is_custom?: boolean | undefined; }': name, description
src/app/api/settings/theme-presets/route.ts(177,7): error TS2741: Property 'primary' is missing in type '{}' but required in type 'ThemeColors'.
src/app/api/settings/theme-presets/route.ts(178,7): error TS2322: Type 'unknown' is not assignable to type 'ThemeTypography | undefined'.
src/app/api/settings/theme-presets/route.ts(179,7): error TS2322: Type 'unknown' is not assignable to type 'ThemeLayout | undefined'.
src/app/api/todos/[id]/route.ts(19,4): error TS2345: Argument of type '(_request: NextRequest, context?: RouteParams) => Promise<NextResponse<ApiResponse<unknown>>>' is not assignable to parameter of type 'RouteHandler'.
  Types of parameters 'context' and 'params' are incompatible.
    Type 'Record<string, string> | undefined' is not assignable to type 'RouteParams | undefined'.
      Property 'params' is missing in type 'Record<string, string>' but required in type 'RouteParams'.
src/app/api/todos/[id]/route.ts(47,4): error TS2345: Argument of type '(request: NextRequest, context?: RouteParams) => Promise<NextResponse<ApiResponse<unknown>>>' is not assignable to parameter of type 'RouteHandler'.
  Types of parameters 'context' and 'params' are incompatible.
    Type 'Record<string, string> | undefined' is not assignable to type 'RouteParams | undefined'.
      Property 'params' is missing in type 'Record<string, string>' but required in type 'RouteParams'.
src/app/api/todos/[id]/route.ts(98,4): error TS2345: Argument of type '(request: NextRequest, context?: RouteParams) => Promise<NextResponse<ApiResponse<unknown>>>' is not assignable to parameter of type 'RouteHandler'.
  Types of parameters 'context' and 'params' are incompatible.
    Type 'Record<string, string> | undefined' is not assignable to type 'RouteParams | undefined'.
      Property 'params' is missing in type 'Record<string, string>' but required in type 'RouteParams'.
src/app/api/todos/route.ts(72,53): error TS2322: Type 'unknown' is not assignable to type 'string | undefined'.
src/app/api/todos/route.ts(80,13): error TS18046: 'todo' is of type 'unknown'.
src/app/auth/callback/page.tsx(52,19): error TS2345: Argument of type '{ id: string; email: string; name: string; }' is not assignable to parameter of type 'User'.
  Type '{ id: string; email: string; name: string; }' is missing the following properties from type 'User': permissions, isActive, createdAt, updatedAt
src/app/auth/callback/page.tsx(71,23): error TS2345: Argument of type '{ id: string; email: string; name: string; }' is not assignable to parameter of type 'User'.
  Type '{ id: string; email: string; name: string; }' is missing the following properties from type 'User': permissions, isActive, createdAt, updatedAt
src/components/forms/BeneficiaryForm.tsx(116,5): error TS2322: Type 'Resolver<{ name: string; tc_no: string; phone: unknown; address: string; city: string; district: string; neighborhood: string; income_level: "0-3000" | "3000-5000" | "5000-8000" | "8000+"; family_size: number; status: "active" | ... 1 more ... | "archived"; health_status?: string | undefined; employment_status?: str...' is not assignable to type 'Resolver<{ name: string; tc_no: string; phone: string; address: string; city: string; district: string; neighborhood: string; income_level: "0-3000" | "3000-5000" | "5000-8000" | "8000+"; family_size: number; status: "active" | ... 1 more ... | "archived"; health_status?: string | undefined; employment_status?: stri...'.
  Types of parameters 'options' and 'options' are incompatible.
    Type 'ResolverOptions<{ name: string; tc_no: string; phone: string; address: string; city: string; district: string; neighborhood: string; income_level: "0-3000" | "3000-5000" | "5000-8000" | "8000+"; family_size: number; status: "active" | ... 1 more ... | "archived"; health_status?: string | undefined; employment_status...' is not assignable to type 'ResolverOptions<{ name: string; tc_no: string; phone: unknown; address: string; city: string; district: string; neighborhood: string; income_level: "0-3000" | "3000-5000" | "5000-8000" | "8000+"; family_size: number; status: "active" | ... 1 more ... | "archived"; health_status?: string | undefined; employment_statu...'.
      Type 'unknown' is not assignable to type 'string'.
src/components/forms/BeneficiaryForm.tsx(227,38): error TS2345: Argument of type '(data: BeneficiaryFormData) => Promise<void>' is not assignable to parameter of type 'SubmitHandler<TFieldValues>'.
  Types of parameters 'data' and 'data' are incompatible.
    Type 'TFieldValues' is not assignable to type '{ name: string; tc_no: string; phone: string; address: string; city: string; district: string; neighborhood: string; income_level: "0-3000" | "3000-5000" | "5000-8000" | "8000+"; family_size: number; status: "active" | ... 1 more ... | "archived"; health_status?: string | undefined; employment_status?: string | unde...'.
      Type 'FieldValues' is missing the following properties from type '{ name: string; tc_no: string; phone: string; address: string; city: string; district: string; neighborhood: string; income_level: "0-3000" | "3000-5000" | "5000-8000" | "8000+"; family_size: number; status: "active" | ... 1 more ... | "archived"; health_status?: string | undefined; employment_status?: string | unde...': name, tc_no, phone, address, and 6 more.
src/components/kumbara/KumbaraList.tsx(50,10): error TS2305: Module '"@/hooks/useAppwriteRealtime"' has no exported member 'useAppwriteRealtime'.
src/components/kumbara/KumbaraList.tsx(91,18): error TS7006: Parameter 'event' implicitly has an 'any' type.
src/contexts/settings-context.tsx(255,40): error TS7006: Parameter 't' implicitly has an 'any' type.
src/hooks/useAppwriteMutation.ts(104,17): error TS2339: Property 'onSuccess' does not exist on type '{ retry?: RetryValue<TError> | undefined; throwOnError?: boolean | ((error: TError) => boolean) | undefined; retryDelay?: RetryDelayValue<TError> | undefined; ... 6 more ...; scope?: MutationScope | undefined; }'.
src/hooks/useAppwriteMutation.ts(116,15): error TS2339: Property 'onError' does not exist on type '{ retry?: RetryValue<TError> | undefined; throwOnError?: boolean | ((error: TError) => boolean) | undefined; retryDelay?: RetryDelayValue<TError> | undefined; ... 6 more ...; scope?: MutationScope | undefined; }'.
src/lib/api/scholarships.ts(81,22): error TS18046: 'result' is of type 'unknown'.
src/lib/api/scholarships.ts(239,22): error TS18046: 'result' is of type 'unknown'.
src/lib/api/scholarships.ts(339,22): error TS18046: 'result' is of type 'unknown'.
src/lib/appwrite/api.ts(1331,73): error TS2339: Property 'default' does not exist on type 'typeof import("C:/Users/isaha/git-1/node_modules/node-appwrite/dist/index")'.
src/lib/appwrite/query-builder.ts(127,49): error TS2345: Argument of type 'string | number' is not assignable to parameter of type 'string | any[]'.
  Type 'number' is not assignable to type 'string | any[]'.
src/lib/appwrite/query-builder.ts(130,47): error TS2345: Argument of type 'string | number' is not assignable to parameter of type 'string | any[]'.
  Type 'number' is not assignable to type 'string | any[]'.
src/lib/appwrite/query-builder.ts(144,47): error TS2345: Argument of type 'string | number' is not assignable to parameter of type 'string | any[]'.
  Type 'number' is not assignable to type 'string | any[]'.
src/lib/error-notifications.ts(36,7): error TS2353: Object literal may only specify known properties, and 'filters' does not exist in type '{ search?: string | undefined; role?: string | undefined; isActive?: boolean | undefined; limit?: number | undefined; cursor?: string | undefined; }'.
src/lib/error-notifications.ts(40,7): error TS2353: Object literal may only specify known properties, and 'filters' does not exist in type '{ search?: string | undefined; role?: string | undefined; isActive?: boolean | undefined; limit?: number | undefined; cursor?: string | undefined; }'.
src/lib/errors/AppError.ts(386,38): error TS2554: Expected 1-2 arguments, but got 3.
src/lib/errors/AppError.ts(388,38): error TS2554: Expected 1-2 arguments, but got 3.
src/lib/validations/aid-application.ts(45,4): error TS1360: Type 'ZodObject<{ _id: ZodString; _creationTime: ZodString; _updatedAt: ZodString; _collectionId: ZodString; _databaseId: ZodString; $permissions: ZodOptional<...>; ... 18 more ...; completed_at: ZodOptional<...>; }, $strip>' does not satisfy the expected type 'ZodType<AidApplicationDocument, unknown, $ZodTypeInternals<AidApplicationDocument, unknown>>'.
  The types of '_output._creationTime' are incompatible between these types.
    Type 'string' is not assignable to type 'number'.
src/lib/validations/aid-application.ts(61,5): error TS2322: Type '{ _id: string; _creationTime: string; _updatedAt: string; _collectionId: string; _databaseId: string; application_date: string; applicant_type: "person" | "organization" | "partner"; applicant_name: string; ... 16 more ...; completed_at?: string | undefined; }' is not assignable to type 'AidApplicationDocument'.
  Types of property '_creationTime' are incompatible.
    Type 'string' is not assignable to type 'number'.
